TN:
SF:lambda_function.py
DA:1,1,EZEzNmL93PY96zsSuI0PfQ
DA:2,1,7Z9Lj4ed27Wf2hBX6jooEA
DA:3,1,OaTlemF3bXMi5MP7Db8vkQ
DA:4,1,AwpGUILSjGu34WAr6c5fRA
DA:8,1,nsrG41iaNG4uLSdwZbZ5wg
DA:9,1,QjhVjGvL9FwJC1ceRfTK0A
DA:10,1,ryG3bP89NfySqtNXo2+P2w
DA:11,1,DPXd/+0LtREiMY15B4jb7w
DA:14,1,V8oglpAo/Rn/UnIFj8eURw
DA:15,1,xsTDz9DvNTvYBsNJAfvdQQ
DA:16,1,BAI+wh1+OaalqXeWTlaofg
DA:19,1,il5DRODUCNa52n0QT81imQ
DA:32,1,PCd+tTkojc+/9k3Gg2wfWw
DA:21,0,hmD5LC+uToISFTM1GC+Jsw
DA:23,0,NhBBj0pAXSh+QDiYUjksBw
DA:25,0,dDpI1xnYM7U9EkV5ygfLLg
DA:33,0,tBj4wj5KAZH92cGM9o1Ofw
LF:17
LH:13
end_of_record
