<?xml version="1.0" encoding="utf-8"?><testsuites><testsuite name="pytest" errors="0" failures="0" skipped="0" tests="6" time="1.370" timestamp="2023-01-23T23:37:23.402866" hostname="ip-10-2-57-252.us-west-2.compute.internal"><testcase classname="unittests.test_lambda" name="test_get_table_name_with_env_var" time="0.001" /><testcase classname="unittests.test_lambda" name="test_get_table_name_with_no_env_var" time="0.001" /><testcase classname="unittests.test_lambda" name="test_lambda_with_empty_event" time="0.589" /><testcase classname="unittests.test_lambda" name="test_ddb_table_exists" time="0.119" /><testcase classname="unittests.test_lambda" name="test_good_count_invocations" time="0.177" /><testcase classname="unittests.test_lambda" name="test_bad_count_invocations" time="0.178" /></testsuite></testsuites>